<?xml version="1.0" encoding="UTF-8"?>
<!-- Generated by org.testng.reporters.JUnitXMLReporter -->
<testsuite ignored="0" hostname="G-Mendez-21" failures="1" tests="1" name="Homepage Tests for Firefox" time="21.151" errors="0" timestamp="2025-02-21T14:43:59 EST">
  <testcase classname="tests.HomepageTests" name="shouldShowThePageTitle" time="12.777">
    <failure type="java.lang.AssertionError" message="Title does not match expected value expected [true] but found [false]">
      <![CDATA[java.lang.AssertionError: Title does not match expected value expected [true] but found [false]
at tests.HomepageTests.shouldShowThePageTitle(HomepageTests.java:30)
at java.base/java.util.ArrayList.forEach(ArrayList.java:1596)
at java.base/java.util.concurrent.FutureTask.run(FutureTask.java:317)
at java.base/java.util.concurrent.ThreadPoolExecutor.runWorker(ThreadPoolExecutor.java:1144)
at java.base/java.util.concurrent.ThreadPoolExecutor$Worker.run(ThreadPoolExecutor.java:642)
at java.base/java.lang.Thread.run(Thread.java:1583)
... Removed 18 stack frames]]>
    </failure>
  </testcase> <!-- shouldShowThePageTitle -->
</testsuite> <!-- Homepage Tests for Firefox -->
