<!DOCTYPE html PUBLIC "-//W3C//DTD XHTML 1.1//EN" "https://www.w3.org/TR/xhtml11/DTD/xhtml11.dtd">
<html xmlns="https://www.w3.org/1999/xhtml">
<head>
<meta http-equiv="content-type" content="text/html; charset=UTF-8"/>
<title>TestNG Report</title>
<style type="text/css">table {margin-bottom:10px;border-collapse:collapse;empty-cells:show}th,td {border:1px solid #009;padding:.25em .5em}th {vertical-align:bottom}td {vertical-align:top}table a {font-weight:bold}.stripe td {background-color: #E6EBF9}.num {text-align:right}.passedodd td {background-color: #3F3}.passedeven td {background-color: #0A0}.skippedodd td {background-color: #DDD}.skippedeven td {background-color: #CCC}.failedodd td,.attn {background-color: #F33}.failedeven td,.stripe .attn {background-color: #D00}.stacktrace {white-space:pre;font-family:monospace}.totop {font-size:85%;text-align:center;border-bottom:2px solid #000}.invisible {display:none}</style>
</head>
<body>
<table>
<tr><th>Test</th><th># Passed</th><th># Skipped</th><th># Retried</th><th># Failed</th><th>Time (ms)</th><th>Included Groups</th><th>Excluded Groups</th></tr>
<tr><th colspan="8">Playwright Tests</th></tr>
<tr><td><a href="#t0">Homepage Tests for Webkit</a></td><td class="num">0</td><td class="num">0</td><td class="num">0</td><td class="num attn">1</td><td class="num">16,222</td><td></td><td></td></tr>
<tr class="stripe"><td><a href="#t1">Homepage Tests for Chromium</a></td><td class="num">0</td><td class="num">0</td><td class="num">0</td><td class="num attn">1</td><td class="num">16,332</td><td></td><td></td></tr>
<tr><td><a href="#t2">Homepage Tests for Firefox</a></td><td class="num">0</td><td class="num">0</td><td class="num">0</td><td class="num attn">1</td><td class="num">21,151</td><td></td><td></td></tr>
<tr><th>Total</th><th class="num">0</th><th class="num">0</th><th class="num">0</th><th class="num attn">3</th><th class="num">53,705</th><th colspan="2"></th></tr>
</table>
<table id='summary'><thead><tr><th>Class</th><th>Method</th><th>Start</th><th>Time (ms)</th></tr></thead><tbody><tr><th colspan="4">Playwright Tests</th></tr></tbody><tbody id="t0"><tr><th colspan="4">Homepage Tests for Webkit &#8212; failed</th></tr><tr class="failedeven"><td rowspan="1">tests.HomepageTests</td><td><a href="#m0">shouldShowThePageTitle</a></td><td rowspan="1">1740167022521</td><td rowspan="1">11748</td></tr></tbody>
<tbody id="t1"><tr><th colspan="4">Homepage Tests for Chromium &#8212; failed</th></tr><tr class="failedeven"><td rowspan="1">tests.HomepageTests</td><td><a href="#m1">shouldShowThePageTitle</a></td><td rowspan="1">1740167022785</td><td rowspan="1">11132</td></tr></tbody>
<tbody id="t2"><tr><th colspan="4">Homepage Tests for Firefox &#8212; failed</th></tr><tr class="failedeven"><td rowspan="1">tests.HomepageTests</td><td><a href="#m2">shouldShowThePageTitle</a></td><td rowspan="1">1740167026274</td><td rowspan="1">12777</td></tr></tbody>
</table>
<h2>Homepage Tests for Webkit</h2><h3 id="m0">tests.HomepageTests#shouldShowThePageTitle</h3><table class="result"><tr><th>Exception</th></tr><tr><td><div class="stacktrace">java.lang.AssertionError: Title does not match expected value expected [true] but found [false]
	at tests.HomepageTests.shouldShowThePageTitle(HomepageTests.java:30)
	at java.base/java.util.ArrayList.forEach(ArrayList.java:1596)
	at java.base/java.util.concurrent.FutureTask.run(FutureTask.java:317)
	at java.base/java.util.concurrent.ThreadPoolExecutor.runWorker(ThreadPoolExecutor.java:1144)
	at java.base/java.util.concurrent.ThreadPoolExecutor$Worker.run(ThreadPoolExecutor.java:642)
	at java.base/java.lang.Thread.run(Thread.java:1583)
... Removed 18 stack frames</div></td></tr></table><p class="totop"><a href="#summary">back to summary</a></p>
<h2>Homepage Tests for Chromium</h2><h3 id="m1">tests.HomepageTests#shouldShowThePageTitle</h3><table class="result"><tr><th>Exception</th></tr><tr><td><div class="stacktrace">java.lang.AssertionError: Title does not match expected value expected [true] but found [false]
	at tests.HomepageTests.shouldShowThePageTitle(HomepageTests.java:30)
	at java.base/java.util.ArrayList.forEach(ArrayList.java:1596)
	at java.base/java.util.concurrent.FutureTask.run(FutureTask.java:317)
	at java.base/java.util.concurrent.ThreadPoolExecutor.runWorker(ThreadPoolExecutor.java:1144)
	at java.base/java.util.concurrent.ThreadPoolExecutor$Worker.run(ThreadPoolExecutor.java:642)
	at java.base/java.lang.Thread.run(Thread.java:1583)
... Removed 18 stack frames</div></td></tr></table><p class="totop"><a href="#summary">back to summary</a></p>
<h2>Homepage Tests for Firefox</h2><h3 id="m2">tests.HomepageTests#shouldShowThePageTitle</h3><table class="result"><tr><th>Exception</th></tr><tr><td><div class="stacktrace">java.lang.AssertionError: Title does not match expected value expected [true] but found [false]
	at tests.HomepageTests.shouldShowThePageTitle(HomepageTests.java:30)
	at java.base/java.util.ArrayList.forEach(ArrayList.java:1596)
	at java.base/java.util.concurrent.FutureTask.run(FutureTask.java:317)
	at java.base/java.util.concurrent.ThreadPoolExecutor.runWorker(ThreadPoolExecutor.java:1144)
	at java.base/java.util.concurrent.ThreadPoolExecutor$Worker.run(ThreadPoolExecutor.java:642)
	at java.base/java.lang.Thread.run(Thread.java:1583)
... Removed 18 stack frames</div></td></tr></table><p class="totop"><a href="#summary">back to summary</a></p>
</body>
</html>
