<?xml version="1.0" encoding="UTF-8"?>
<testng-results ignored="0" total="3" passed="0" failed="3" skipped="0">
  <reporter-output>
  </reporter-output>
  <suite started-at="2025-02-21T14:43:38 EST" name="Playwright Tests" finished-at="2025-02-21T14:43:59 EST" duration-ms="21151">
    <groups>
    </groups>
    <test started-at="2025-02-21T14:43:38 EST" name="Homepage Tests for Webkit" finished-at="2025-02-21T14:43:54 EST" duration-ms="16222">
      <class name="tests.HomepageTests">
        <test-method is-config="true" signature="setup(java.lang.String)[pri:0, instance:tests.HomepageTests@76b1e9b8]" started-at="2025-02-21T14:43:38 EST" name="setup" finished-at="2025-02-21T14:43:42 EST" duration-ms="3622" status="PASS">
          <params>
            <param index="0">
              <value>
                <![CDATA[webkit]]>
              </value>
            </param>
          </params>
          <reporter-output>
          </reporter-output>
        </test-method> <!-- setup -->
        <test-method signature="shouldShowThePageTitle()[pri:0, instance:tests.HomepageTests@76b1e9b8]" started-at="2025-02-21T14:43:42 EST" name="shouldShowThePageTitle" finished-at="2025-02-21T14:43:54 EST" duration-ms="11748" status="FAIL">
          <exception class="java.lang.AssertionError">
            <message>
              <![CDATA[Title does not match expected value expected [true] but found [false]]]>
            </message>
            <full-stacktrace>
              <![CDATA[java.lang.AssertionError: Title does not match expected value expected [true] but found [false]
at org.testng.Assert.fail(Assert.java:111)
at org.testng.Assert.failNotEquals(Assert.java:1578)
at org.testng.Assert.assertTrue(Assert.java:57)
at tests.HomepageTests.shouldShowThePageTitle(HomepageTests.java:30)
at java.base/jdk.internal.reflect.DirectMethodHandleAccessor.invoke(DirectMethodHandleAccessor.java:103)
at java.base/java.lang.reflect.Method.invoke(Method.java:580)
at org.testng.internal.invokers.MethodInvocationHelper.invokeMethod(MethodInvocationHelper.java:139)
at org.testng.internal.invokers.TestInvoker.invokeMethod(TestInvoker.java:664)
at org.testng.internal.invokers.TestInvoker.invokeTestMethod(TestInvoker.java:227)
at org.testng.internal.invokers.MethodRunner.runInSequence(MethodRunner.java:50)
at org.testng.internal.invokers.TestInvoker$MethodInvocationAgent.invoke(TestInvoker.java:957)
at org.testng.internal.invokers.TestInvoker.invokeTestMethods(TestInvoker.java:200)
at org.testng.internal.invokers.TestMethodWorker.invokeTestMethods(TestMethodWorker.java:148)
at org.testng.internal.invokers.TestMethodWorker.run(TestMethodWorker.java:128)
at java.base/java.util.ArrayList.forEach(ArrayList.java:1596)
at org.testng.TestRunner.privateRun(TestRunner.java:848)
at org.testng.TestRunner.run(TestRunner.java:621)
at org.testng.SuiteRunner.runTest(SuiteRunner.java:443)
at org.testng.SuiteRunner$SuiteWorker.run(SuiteRunner.java:481)
at org.testng.internal.thread.ThreadUtil.lambda$execute$0(ThreadUtil.java:58)
at java.base/java.util.concurrent.FutureTask.run(FutureTask.java:317)
at java.base/java.util.concurrent.ThreadPoolExecutor.runWorker(ThreadPoolExecutor.java:1144)
at java.base/java.util.concurrent.ThreadPoolExecutor$Worker.run(ThreadPoolExecutor.java:642)
at java.base/java.lang.Thread.run(Thread.java:1583)
]]>
            </full-stacktrace>
          </exception> <!-- java.lang.AssertionError -->
          <reporter-output>
          </reporter-output>
        </test-method> <!-- shouldShowThePageTitle -->
        <test-method is-config="true" signature="tearDown()[pri:0, instance:tests.HomepageTests@76b1e9b8]" started-at="2025-02-21T14:43:54 EST" name="tearDown" finished-at="2025-02-21T14:43:54 EST" duration-ms="11" status="PASS">
          <reporter-output>
          </reporter-output>
        </test-method> <!-- tearDown -->
      </class> <!-- tests.HomepageTests -->
    </test> <!-- Homepage Tests for Webkit -->
    <test started-at="2025-02-21T14:43:38 EST" name="Homepage Tests for Chromium" finished-at="2025-02-21T14:43:55 EST" duration-ms="16332">
      <class name="tests.HomepageTests">
        <test-method is-config="true" signature="setup(java.lang.String)[pri:0, instance:tests.HomepageTests@428640fa]" started-at="2025-02-21T14:43:38 EST" name="setup" finished-at="2025-02-21T14:43:42 EST" duration-ms="3995" status="PASS">
          <params>
            <param index="0">
              <value>
                <![CDATA[chromium]]>
              </value>
            </param>
          </params>
          <reporter-output>
          </reporter-output>
        </test-method> <!-- setup -->
        <test-method signature="shouldShowThePageTitle()[pri:0, instance:tests.HomepageTests@428640fa]" started-at="2025-02-21T14:43:42 EST" name="shouldShowThePageTitle" finished-at="2025-02-21T14:43:53 EST" duration-ms="11132" status="FAIL">
          <exception class="java.lang.AssertionError">
            <message>
              <![CDATA[Title does not match expected value expected [true] but found [false]]]>
            </message>
            <full-stacktrace>
              <![CDATA[java.lang.AssertionError: Title does not match expected value expected [true] but found [false]
at org.testng.Assert.fail(Assert.java:111)
at org.testng.Assert.failNotEquals(Assert.java:1578)
at org.testng.Assert.assertTrue(Assert.java:57)
at tests.HomepageTests.shouldShowThePageTitle(HomepageTests.java:30)
at java.base/jdk.internal.reflect.DirectMethodHandleAccessor.invoke(DirectMethodHandleAccessor.java:103)
at java.base/java.lang.reflect.Method.invoke(Method.java:580)
at org.testng.internal.invokers.MethodInvocationHelper.invokeMethod(MethodInvocationHelper.java:139)
at org.testng.internal.invokers.TestInvoker.invokeMethod(TestInvoker.java:664)
at org.testng.internal.invokers.TestInvoker.invokeTestMethod(TestInvoker.java:227)
at org.testng.internal.invokers.MethodRunner.runInSequence(MethodRunner.java:50)
at org.testng.internal.invokers.TestInvoker$MethodInvocationAgent.invoke(TestInvoker.java:957)
at org.testng.internal.invokers.TestInvoker.invokeTestMethods(TestInvoker.java:200)
at org.testng.internal.invokers.TestMethodWorker.invokeTestMethods(TestMethodWorker.java:148)
at org.testng.internal.invokers.TestMethodWorker.run(TestMethodWorker.java:128)
at java.base/java.util.ArrayList.forEach(ArrayList.java:1596)
at org.testng.TestRunner.privateRun(TestRunner.java:848)
at org.testng.TestRunner.run(TestRunner.java:621)
at org.testng.SuiteRunner.runTest(SuiteRunner.java:443)
at org.testng.SuiteRunner$SuiteWorker.run(SuiteRunner.java:481)
at org.testng.internal.thread.ThreadUtil.lambda$execute$0(ThreadUtil.java:58)
at java.base/java.util.concurrent.FutureTask.run(FutureTask.java:317)
at java.base/java.util.concurrent.ThreadPoolExecutor.runWorker(ThreadPoolExecutor.java:1144)
at java.base/java.util.concurrent.ThreadPoolExecutor$Worker.run(ThreadPoolExecutor.java:642)
at java.base/java.lang.Thread.run(Thread.java:1583)
]]>
            </full-stacktrace>
          </exception> <!-- java.lang.AssertionError -->
          <reporter-output>
          </reporter-output>
        </test-method> <!-- shouldShowThePageTitle -->
        <test-method is-config="true" signature="tearDown()[pri:0, instance:tests.HomepageTests@428640fa]" started-at="2025-02-21T14:43:55 EST" name="tearDown" finished-at="2025-02-21T14:43:55 EST" duration-ms="4" status="PASS">
          <reporter-output>
          </reporter-output>
        </test-method> <!-- tearDown -->
      </class> <!-- tests.HomepageTests -->
    </test> <!-- Homepage Tests for Chromium -->
    <test started-at="2025-02-21T14:43:38 EST" name="Homepage Tests for Firefox" finished-at="2025-02-21T14:43:59 EST" duration-ms="21151">
      <class name="tests.HomepageTests">
        <test-method is-config="true" signature="setup(java.lang.String)[pri:0, instance:tests.HomepageTests@25ce9dc4]" started-at="2025-02-21T14:43:38 EST" name="setup" finished-at="2025-02-21T14:43:46 EST" duration-ms="7488" status="PASS">
          <params>
            <param index="0">
              <value>
                <![CDATA[firefox]]>
              </value>
            </param>
          </params>
          <reporter-output>
          </reporter-output>
        </test-method> <!-- setup -->
        <test-method signature="shouldShowThePageTitle()[pri:0, instance:tests.HomepageTests@25ce9dc4]" started-at="2025-02-21T14:43:46 EST" name="shouldShowThePageTitle" finished-at="2025-02-21T14:43:59 EST" duration-ms="12777" status="FAIL">
          <exception class="java.lang.AssertionError">
            <message>
              <![CDATA[Title does not match expected value expected [true] but found [false]]]>
            </message>
            <full-stacktrace>
              <![CDATA[java.lang.AssertionError: Title does not match expected value expected [true] but found [false]
at org.testng.Assert.fail(Assert.java:111)
at org.testng.Assert.failNotEquals(Assert.java:1578)
at org.testng.Assert.assertTrue(Assert.java:57)
at tests.HomepageTests.shouldShowThePageTitle(HomepageTests.java:30)
at java.base/jdk.internal.reflect.DirectMethodHandleAccessor.invoke(DirectMethodHandleAccessor.java:103)
at java.base/java.lang.reflect.Method.invoke(Method.java:580)
at org.testng.internal.invokers.MethodInvocationHelper.invokeMethod(MethodInvocationHelper.java:139)
at org.testng.internal.invokers.TestInvoker.invokeMethod(TestInvoker.java:664)
at org.testng.internal.invokers.TestInvoker.invokeTestMethod(TestInvoker.java:227)
at org.testng.internal.invokers.MethodRunner.runInSequence(MethodRunner.java:50)
at org.testng.internal.invokers.TestInvoker$MethodInvocationAgent.invoke(TestInvoker.java:957)
at org.testng.internal.invokers.TestInvoker.invokeTestMethods(TestInvoker.java:200)
at org.testng.internal.invokers.TestMethodWorker.invokeTestMethods(TestMethodWorker.java:148)
at org.testng.internal.invokers.TestMethodWorker.run(TestMethodWorker.java:128)
at java.base/java.util.ArrayList.forEach(ArrayList.java:1596)
at org.testng.TestRunner.privateRun(TestRunner.java:848)
at org.testng.TestRunner.run(TestRunner.java:621)
at org.testng.SuiteRunner.runTest(SuiteRunner.java:443)
at org.testng.SuiteRunner$SuiteWorker.run(SuiteRunner.java:481)
at org.testng.internal.thread.ThreadUtil.lambda$execute$0(ThreadUtil.java:58)
at java.base/java.util.concurrent.FutureTask.run(FutureTask.java:317)
at java.base/java.util.concurrent.ThreadPoolExecutor.runWorker(ThreadPoolExecutor.java:1144)
at java.base/java.util.concurrent.ThreadPoolExecutor$Worker.run(ThreadPoolExecutor.java:642)
at java.base/java.lang.Thread.run(Thread.java:1583)
]]>
            </full-stacktrace>
          </exception> <!-- java.lang.AssertionError -->
          <reporter-output>
          </reporter-output>
        </test-method> <!-- shouldShowThePageTitle -->
        <test-method is-config="true" signature="tearDown()[pri:0, instance:tests.HomepageTests@25ce9dc4]" started-at="2025-02-21T14:43:59 EST" name="tearDown" finished-at="2025-02-21T14:43:59 EST" duration-ms="6" status="PASS">
          <reporter-output>
          </reporter-output>
        </test-method> <!-- tearDown -->
      </class> <!-- tests.HomepageTests -->
    </test> <!-- Homepage Tests for Firefox -->
  </suite> <!-- Playwright Tests -->
</testng-results>
